<?xml version="1.0" encoding="UTF-8" ?>
<testsuite tests="5" failures="5" name="com.pluralsight.orderfulfillment.order.OrderRepositoryTest" time="0" errors="0" skipped="0">
  <properties>
    <property name="java.runtime.name" value="OpenJDK Runtime Environment"/>
    <property name="java.vm.version" value="11.0.9.1+1"/>
    <property name="sun.boot.library.path" value="/home/danilo/.sdkman/candidates/java/11.0.9.hs-adpt/lib"/>
    <property name="maven.multiModuleProjectDirectory" value="/mnt/c/Projects/trainning/pluralsight-camel-intro"/>
    <property name="java.vm.vendor" value="AdoptOpenJDK"/>
    <property name="java.vendor.url" value="https://adoptopenjdk.net/"/>
    <property name="guice.disable.misplaced.annotation.check" value="true"/>
    <property name="path.separator" value=":"/>
    <property name="java.vm.name" value="OpenJDK 64-Bit Server VM"/>
    <property name="sun.os.patch.level" value="unknown"/>
    <property name="sun.java.launcher" value="SUN_STANDARD"/>
    <property name="java.vm.specification.name" value="Java Virtual Machine Specification"/>
    <property name="user.dir" value="/mnt/c/Projects/trainning/pluralsight-camel-intro"/>
    <property name="java.vm.compressedOopsMode" value="32-bit"/>
    <property name="java.runtime.version" value="11.0.9.1+1"/>
    <property name="java.awt.graphicsenv" value="sun.awt.X11GraphicsEnvironment"/>
    <property name="os.arch" value="amd64"/>
    <property name="java.io.tmpdir" value="/tmp"/>
    <property name="line.separator" value="
"/>
    <property name="java.vm.specification.vendor" value="Oracle Corporation"/>
    <property name="os.name" value="Linux"/>
    <property name="classworlds.conf" value="/home/danilo/.sdkman/candidates/maven/current/bin/m2.conf"/>
    <property name="sun.jnu.encoding" value="UTF-8"/>
    <property name="java.library.path" value="/usr/java/packages/lib:/usr/lib64:/lib64:/lib:/usr/lib"/>
    <property name="maven.conf" value="/home/danilo/.sdkman/candidates/maven/current/conf"/>
    <property name="jdk.debug" value="release"/>
    <property name="java.class.version" value="55.0"/>
    <property name="java.specification.name" value="Java Platform API Specification"/>
    <property name="sun.management.compiler" value="HotSpot 64-Bit Tiered Compilers"/>
    <property name="os.version" value="4.4.0-21390-Microsoft"/>
    <property name="library.jansi.path" value="/home/danilo/.sdkman/candidates/maven/current/lib/jansi-native"/>
    <property name="user.home" value="/home/danilo"/>
    <property name="user.timezone" value="Europe/Lisbon"/>
    <property name="java.awt.printerjob" value="sun.print.PSPrinterJob"/>
    <property name="file.encoding" value="UTF-8"/>
    <property name="java.specification.version" value="11"/>
    <property name="user.name" value="danilo"/>
    <property name="java.class.path" value="/home/danilo/.sdkman/candidates/maven/current/boot/plexus-classworlds-2.6.0.jar"/>
    <property name="java.vm.specification.version" value="11"/>
    <property name="sun.arch.data.model" value="64"/>
    <property name="sun.java.command" value="org.codehaus.plexus.classworlds.launcher.Launcher clean install"/>
    <property name="java.home" value="/home/danilo/.sdkman/candidates/java/11.0.9.hs-adpt"/>
    <property name="user.language" value="en"/>
    <property name="java.specification.vendor" value="Oracle Corporation"/>
    <property name="awt.toolkit" value="sun.awt.X11.XToolkit"/>
    <property name="java.vm.info" value="mixed mode"/>
    <property name="java.version" value="11.0.9.1"/>
    <property name="securerandom.source" value="file:/dev/./urandom"/>
    <property name="java.vendor" value="AdoptOpenJDK"/>
    <property name="maven.home" value="/home/danilo/.sdkman/candidates/maven/current"/>
    <property name="file.separator" value="/"/>
    <property name="java.version.date" value="2020-11-04"/>
    <property name="java.vendor.url.bug" value="https://github.com/AdoptOpenJDK/openjdk-support/issues"/>
    <property name="sun.io.unicode.encoding" value="UnicodeLittle"/>
    <property name="sun.cpu.endian" value="little"/>
    <property name="java.vendor.version" value="AdoptOpenJDK"/>
    <property name="sun.cpu.isalist" value=""/>
  </properties>
  <testcase classname="com.pluralsight.orderfulfillment.order.OrderRepositoryTest" name="com.pluralsight.orderfulfillment.order.OrderRepositoryTest.test_findAllOrdersSuccess" time="0">
    <failure type="java.lang.NullPointerException">java.lang.NullPointerException
	at com.pluralsight.orderfulfillment.order.OrderRepositoryTest.test_findAllOrdersSuccess(OrderRepositoryTest.java:29)
</failure>
  </testcase>
  <testcase classname="com.pluralsight.orderfulfillment.order.OrderRepositoryTest" name="com.pluralsight.orderfulfillment.order.OrderRepositoryTest.test_findOrderCustomerAndOrderItemsSuccess" time="0">
    <failure type="java.lang.NullPointerException">java.lang.NullPointerException
	at com.pluralsight.orderfulfillment.order.OrderRepositoryTest.test_findOrderCustomerAndOrderItemsSuccess(OrderRepositoryTest.java:36)
</failure>
  </testcase>
  <testcase classname="com.pluralsight.orderfulfillment.order.OrderRepositoryTest" name="com.pluralsight.orderfulfillment.order.OrderRepositoryTest.test_findOrdersByOrderStatusOrderByTimeOrderPlacedAscSuccess" time="0">
    <failure type="java.lang.NullPointerException">java.lang.NullPointerException
	at com.pluralsight.orderfulfillment.order.OrderRepositoryTest.test_findOrdersByOrderStatusOrderByTimeOrderPlacedAscSuccess(OrderRepositoryTest.java:50)
</failure>
  </testcase>
  <testcase classname="com.pluralsight.orderfulfillment.order.OrderRepositoryTest" name="com.pluralsight.orderfulfillment.order.OrderRepositoryTest.test_findOrdersByOrderStatusOrderByTimeOrderPlacedAscFailInvalidStatus" time="0">
    <failure type="java.lang.NullPointerException">java.lang.NullPointerException
	at com.pluralsight.orderfulfillment.order.OrderRepositoryTest.test_findOrdersByOrderStatusOrderByTimeOrderPlacedAscFailInvalidStatus(OrderRepositoryTest.java:59)
</failure>
  </testcase>
  <testcase classname="com.pluralsight.orderfulfillment.order.OrderRepositoryTest" name="com.pluralsight.orderfulfillment.order.OrderRepositoryTest.test_updateStatusSuccess" time="0">
    <failure type="java.lang.NullPointerException">java.lang.NullPointerException
	at com.pluralsight.orderfulfillment.order.OrderRepositoryTest.test_updateStatusSuccess(OrderRepositoryTest.java:72)
</failure>
  </testcase>
</testsuite>